03:00:14: Creating resource group General
03:00:14: Creating resource group Internal
03:00:14: Creating resource group Autodetect
03:00:14: Registering ResourceManager for type Material
03:00:14: Registering ResourceManager for type Skeleton
03:00:14: Registering ResourceManager for type Mesh
03:00:14: WARNING: conversion is an older format ([MeshSerializer_v1.41]); you should upgrade it as soon as possible using the OgreMeshUpgrade tool.
03:00:14: MeshSerializer writing mesh data to stream ...
03:00:14: File header written.
03:00:14: Writing mesh data...
03:00:14: Writing submesh...
03:00:14: Exporting submesh texture aliases...
03:00:14: Submesh texture aliases exported.
03:00:14: Submesh exported.
03:00:14: Writing submesh...
03:00:14: Exporting submesh texture aliases...
03:00:14: Submesh texture aliases exported.
03:00:14: Submesh exported.
03:00:14: Writing submesh...
03:00:14: Exporting submesh texture aliases...
03:00:14: Submesh texture aliases exported.
03:00:14: Submesh exported.
03:00:14: Writing submesh...
03:00:14: Exporting submesh texture aliases...
03:00:14: Submesh texture aliases exported.
03:00:14: Submesh exported.
03:00:14: Exporting LOD information....
03:00:14: LOD information exported.
03:00:14: Exporting bounds information....
03:00:14: Bounds information exported.
03:00:14: Exporting submesh name table...
03:00:14: Submesh name table exported.
03:00:14: Exporting edge lists...
03:00:14: Edge lists exported
03:00:14: Mesh data exported.
03:00:14: MeshSerializer export successful.
03:00:14: Unregistering ResourceManager for type Mesh
03:00:14: Unregistering ResourceManager for type Skeleton
03:00:14: Unregistering ResourceManager for type Material
